2025-12-03 12:54:28,539 [INFO] Activator:176 - 


2025-12-03 12:54:28,540 [INFO] Activator:177 - !SESSION log4j initialized
2025-12-03 12:54:29,881 [ERROR] LogOutputStream:75 - [STDERR_REDIRECT] 
2025-12-03 12:54:32,002 [INFO] LogOutputStream:77 - [STDOUT_REDIRECT] 
2025-12-03 12:54:34,134 [INFO] ApplicationProperties:184 - Using Application install path: /Applications/STM32CubeIDE.app/Contents/Eclipse/plugins/com.st.stm32cube.common.mx_6.15.0.202507011659
2025-12-03 12:54:34,149 [INFO] DbMcusXml:78 - Set database path to: /Applications/STM32CubeIDE.app/Contents/Eclipse/plugins/com.st.stm32cube.common.mx_6.15.0.202507011659//db//mcu/
2025-12-03 12:54:34,149 [INFO] ApiDb:274 - Set plugin database path to: /Applications/STM32CubeIDE.app/Contents/Eclipse/plugins/com.st.stm32cube.common.mx_6.15.0.202507011659//db//plugins/boardmanager/
2025-12-03 12:54:34,149 [WARN] ApiDb:259 - Overriding images path with different value:  => /Applications/STM32CubeIDE.app/Contents/Eclipse/plugins/com.st.stm32cube.common.mx_6.15.0.202507011659//db//plugins/mcufinder/images/
2025-12-03 12:54:34,155 [INFO] ApiDb:250 - Set database path to: /Users/jcob_sax/.stmcufinder/plugins/mcufinder//mcu/
2025-12-03 12:54:34,156 [INFO] DbMcusAds:125 - Set database path to: /Users/jcob_sax/.stmcufinder/plugins/mcufinder//mcu/
2025-12-03 12:54:34,159 [INFO] CrossReferenceDbSqlite:203 - Set database path to: /Users/jcob_sax/.stmcufinder/plugins/mcufinder//mcu/cs/
2025-12-03 12:54:34,295 [INFO] RulesReader:64 - Compatibility file has been processed (317 Rules)
2025-12-03 12:54:34,352 [INFO] DbMcusXml:78 - Set database path to: /Applications/STM32CubeIDE.app/Contents/Eclipse/plugins/com.st.stm32cube.common.mx_6.15.0.202507011659//db//mcu/
2025-12-03 12:54:34,352 [INFO] ApiDb:274 - Set plugin database path to: /Applications/STM32CubeIDE.app/Contents/Eclipse/plugins/com.st.stm32cube.common.mx_6.15.0.202507011659//db//plugins/boardmanager/
2025-12-03 12:54:34,352 [INFO] ApiDb:261 - Set plugin images path to: /Applications/STM32CubeIDE.app/Contents/Eclipse/plugins/com.st.stm32cube.common.mx_6.15.0.202507011659//db//plugins/mcufinder/images/
2025-12-03 12:54:34,352 [WARN] DbFile:41 - Overriding database path with different value: /Users/jcob_sax/.stmcufinder/plugins/mcufinder/ => /Users/jcob_sax/.stmcufinder/plugins/mcufinder
2025-12-03 12:54:34,353 [INFO] ApiDb:250 - Set database path to: /Users/jcob_sax/.stmcufinder/plugins/mcufinder//mcu/
2025-12-03 12:54:34,353 [WARN] DbFile:41 - Overriding database path with different value: /Users/jcob_sax/.stmcufinder/plugins/mcufinder/ => /Users/jcob_sax/.stmcufinder/plugins/mcufinder
2025-12-03 12:54:34,353 [INFO] DbMcusAds:125 - Set database path to: /Users/jcob_sax/.stmcufinder/plugins/mcufinder//mcu/
2025-12-03 12:54:34,353 [WARN] DbFile:41 - Overriding database path with different value: /Users/jcob_sax/.stmcufinder/plugins/mcufinder/ => /Users/jcob_sax/.stmcufinder/plugins/mcufinder
2025-12-03 12:54:34,353 [WARN] DbFile:41 - Overriding database path with different value: /Users/jcob_sax/.stmcufinder/plugins/mcufinder/ => /Users/jcob_sax/.stmcufinder/plugins/mcufinder
2025-12-03 12:54:34,353 [INFO] CrossReferenceDbSqlite:203 - Set database path to: /Users/jcob_sax/.stmcufinder/plugins/mcufinder//mcu/cs/
2025-12-03 12:54:34,429 [INFO] MainPanel:274 - HeapMemory: 271581184
2025-12-03 12:54:34,926 [INFO] DbMcusXml:78 - Set database path to: /Applications/STM32CubeIDE.app/Contents/Eclipse/plugins/com.st.stm32cube.common.mx_6.15.0.202507011659//db//mcu/
2025-12-03 12:54:34,926 [INFO] ApiDb:274 - Set plugin database path to: /Applications/STM32CubeIDE.app/Contents/Eclipse/plugins/com.st.stm32cube.common.mx_6.15.0.202507011659//db//plugins/boardmanager/
2025-12-03 12:54:34,926 [INFO] ApiDb:261 - Set plugin images path to: /Applications/STM32CubeIDE.app/Contents/Eclipse/plugins/com.st.stm32cube.common.mx_6.15.0.202507011659//db//plugins/mcufinder/images/
2025-12-03 12:54:34,927 [WARN] DbFile:41 - Overriding database path with different value: /Users/jcob_sax/.stmcufinder/plugins/mcufinder/ => /Users/jcob_sax/.stmcufinder/plugins/mcufinder
2025-12-03 12:54:34,927 [INFO] ApiDb:250 - Set database path to: /Users/jcob_sax/.stmcufinder/plugins/mcufinder//mcu/
2025-12-03 12:54:34,927 [WARN] DbFile:41 - Overriding database path with different value: /Users/jcob_sax/.stmcufinder/plugins/mcufinder/ => /Users/jcob_sax/.stmcufinder/plugins/mcufinder
2025-12-03 12:54:34,927 [INFO] DbMcusAds:125 - Set database path to: /Users/jcob_sax/.stmcufinder/plugins/mcufinder//mcu/
2025-12-03 12:54:34,927 [WARN] DbFile:41 - Overriding database path with different value: /Users/jcob_sax/.stmcufinder/plugins/mcufinder/ => /Users/jcob_sax/.stmcufinder/plugins/mcufinder
2025-12-03 12:54:34,927 [WARN] DbFile:41 - Overriding database path with different value: /Users/jcob_sax/.stmcufinder/plugins/mcufinder/ => /Users/jcob_sax/.stmcufinder/plugins/mcufinder
2025-12-03 12:54:34,927 [INFO] CrossReferenceDbSqlite:203 - Set database path to: /Users/jcob_sax/.stmcufinder/plugins/mcufinder//mcu/cs/
2025-12-03 12:54:34,947 [INFO] ApplicationProperties:184 - Using Application install path: /Applications/STM32CubeIDE.app/Contents/Eclipse/plugins/com.st.stm32cube.common.mx_6.15.0.202507011659
2025-12-03 12:54:34,949 [INFO] PluginManage:196 - Search for loadable plugins [exclusion list=, ]
2025-12-03 12:54:34,951 [INFO] PluginManage:310 - Check plugin analytics
2025-12-03 12:54:35,199 [INFO] AnalyticsPlugin:253 - Accepted Software Licenses: 
2025-12-03 12:54:35,200 [INFO] AnalyticsPlugin:255 - Accepted CMSIS Pack Licenses: 
2025-12-03 12:54:35,200 [INFO] AnalyticsPlugin:257 - Accepted Firmware Licenses: FW.L4.1.18.0
2025-12-03 12:54:35,216 [INFO] PluginManage:359 - Loaded plugin analytics (category:tool,tabindex:-1)
2025-12-03 12:54:35,216 [INFO] PluginManage:310 - Check plugin cadmodel
2025-12-03 12:54:35,229 [INFO] CADModel:105 - Init CAD model plugin
2025-12-03 12:54:35,229 [INFO] PluginManage:359 - Loaded plugin cadmodel (category:power,tabindex:5)
2025-12-03 12:54:35,230 [INFO] PluginManage:310 - Check plugin clock
2025-12-03 12:54:35,246 [INFO] PluginManage:359 - Loaded plugin clock (category:base,tabindex:2)
2025-12-03 12:54:35,246 [INFO] PluginManage:310 - Check plugin ddr
2025-12-03 12:54:35,249 [INFO] PluginManage:359 - Loaded plugin ddr (category:tool,tabindex:6)
2025-12-03 12:54:35,249 [INFO] PluginManage:310 - Check plugin filemanager
2025-12-03 12:54:35,446 [INFO] PluginManage:359 - Loaded plugin filemanager (category:base,tabindex:10)
2025-12-03 12:54:35,447 [INFO] PluginManage:310 - Check plugin ipmanager
2025-12-03 12:54:35,456 [INFO] PluginManage:359 - Loaded plugin ipmanager (category:base,tabindex:5)
2025-12-03 12:54:35,456 [INFO] PluginManage:310 - Check plugin lpbam
2025-12-03 12:54:35,468 [INFO] PluginManage:359 - Loaded plugin lpbam (category:base,tabindex:0)
2025-12-03 12:54:35,468 [INFO] PluginManage:310 - Check plugin memorymap
2025-12-03 12:54:35,480 [INFO] PluginManage:359 - Loaded plugin memorymap (category:base,tabindex:4)
2025-12-03 12:54:35,480 [INFO] PluginManage:310 - Check plugin pinoutandconfiguration
2025-12-03 12:54:35,489 [INFO] PluginManage:359 - Loaded plugin pinoutandconfiguration (category:base,tabindex:1)
2025-12-03 12:54:35,490 [INFO] PluginManage:310 - Check plugin pinoutconfig
2025-12-03 12:54:35,883 [WARN] SupportedApi:132 - Cannot load RTOS API schema: s4s-elt-must-match.1: The content of 'definitions' must match (annotation?, (simpleType | complexType)?, (unique | key | keyref)*)). A problem was found starting at: attribute.
2025-12-03 12:54:36,159 [INFO] PluginManage:359 - Loaded plugin pinoutconfig (category:base,tabindex:0)
2025-12-03 12:54:36,162 [INFO] PluginManage:310 - Check plugin power
2025-12-03 12:54:36,211 [INFO] PluginManage:359 - Loaded plugin power (category:power,tabindex:4)
2025-12-03 12:54:36,213 [INFO] PluginManage:310 - Check plugin projectmanager
2025-12-03 12:54:36,282 [INFO] PluginManage:359 - Loaded plugin projectmanager (category:projectmanager,tabindex:4)
2025-12-03 12:54:36,283 [INFO] PluginManage:310 - Check plugin rif
2025-12-03 12:54:36,292 [INFO] PluginManage:359 - Loaded plugin rif (category:base,tabindex:3)
2025-12-03 12:54:36,293 [INFO] PluginManage:310 - Check plugin thirdparty
2025-12-03 12:54:36,529 [INFO] PluginManage:359 - Loaded plugin thirdparty (category:base,tabindex:-1)
2025-12-03 12:54:36,530 [INFO] PluginManage:310 - Check plugin tools
2025-12-03 12:54:36,529 [WARN] IntegrityCheckThread:84 - waiting for thirdparty lock release [integrity check]
2025-12-03 12:54:36,534 [INFO] IntegrityCheckThread:86 - entering critical section [integrity check]
2025-12-03 12:54:36,534 [INFO] PluginManage:359 - Loaded plugin tools (category:base,tabindex:7)
2025-12-03 12:54:36,534 [INFO] PluginManage:310 - Check plugin tutovideos
2025-12-03 12:54:36,536 [INFO] ThirdPartyUpdaterWithRetryManager:70 - Updater plugin not ready yet. [1/15]
2025-12-03 12:54:36,741 [INFO] PluginManage:359 - Loaded plugin tutovideos (category:base,tabindex:-1)
2025-12-03 12:54:36,741 [INFO] PluginManage:310 - Check plugin updater
2025-12-03 12:54:36,774 [INFO] PluginManage:359 - Loaded plugin updater (category:base,tabindex:12)
2025-12-03 12:54:36,774 [INFO] PluginManage:310 - Check plugin userauth
2025-12-03 12:54:36,783 [INFO] UserAuth:118 - Init User Auth plugin
2025-12-03 12:54:36,786 [INFO] PluginManage:359 - Loaded plugin userauth (category:base,tabindex:14)
2025-12-03 12:54:36,788 [INFO] PluginManage:283 - PluginManage : Loaded plugins [18]
2025-12-03 12:54:37,051 [INFO] PinOutPanel:1589 - setPackage(No Configuration,No Configuration)
2025-12-03 12:54:37,125 [INFO] CADModel:165 - CPN selected for project level
2025-12-03 12:54:37,125 [INFO] CADModel:114 - Register for checkConnection events
2025-12-03 12:54:37,137 [INFO] IPUIPlugin:80 - create IPUIPlugin
2025-12-03 12:54:37,137 [INFO] PluginManager:220 - loadIPPluginJar : add mdma
2025-12-03 12:54:37,143 [INFO] IPUIPlugin:80 - create IPUIPlugin
2025-12-03 12:54:37,143 [INFO] PluginManager:220 - loadIPPluginJar : add freertos
2025-12-03 12:54:37,146 [INFO] IPUIPlugin:80 - create IPUIPlugin
2025-12-03 12:54:37,146 [INFO] PluginManager:220 - loadIPPluginJar : add gic
2025-12-03 12:54:37,153 [INFO] IPUIPlugin:80 - create IPUIPlugin
2025-12-03 12:54:37,153 [INFO] PluginManager:220 - loadIPPluginJar : add adc
2025-12-03 12:54:37,155 [INFO] IPUIPlugin:80 - create IPUIPlugin
2025-12-03 12:54:37,155 [INFO] PluginManager:220 - loadIPPluginJar : add gtzc
2025-12-03 12:54:37,156 [INFO] IPUIPlugin:80 - create IPUIPlugin
2025-12-03 12:54:37,156 [INFO] PluginManager:220 - loadIPPluginJar : add quadspi
2025-12-03 12:54:37,157 [INFO] IPUIPlugin:80 - create IPUIPlugin
2025-12-03 12:54:37,157 [INFO] PluginManager:220 - loadIPPluginJar : add aes
2025-12-03 12:54:37,160 [INFO] IPUIPlugin:80 - create IPUIPlugin
2025-12-03 12:54:37,160 [INFO] PluginManager:220 - loadIPPluginJar : add pdm2pcm
2025-12-03 12:54:37,161 [INFO] IPUIPlugin:80 - create IPUIPlugin
2025-12-03 12:54:37,161 [INFO] PluginManager:220 - loadIPPluginJar : add hash
2025-12-03 12:54:37,162 [INFO] IPUIPlugin:80 - create IPUIPlugin
2025-12-03 12:54:37,163 [INFO] PluginManager:220 - loadIPPluginJar : add tim
2025-12-03 12:54:37,163 [INFO] IPUIPlugin:80 - create IPUIPlugin
2025-12-03 12:54:37,164 [INFO] PluginManager:220 - loadIPPluginJar : add tsc
2025-12-03 12:54:37,166 [INFO] IPUIPlugin:80 - create IPUIPlugin
2025-12-03 12:54:37,166 [INFO] PluginManager:220 - loadIPPluginJar : add extmemmanager
2025-12-03 12:54:37,169 [INFO] IPUIPlugin:80 - create IPUIPlugin
2025-12-03 12:54:37,169 [INFO] PluginManager:220 - loadIPPluginJar : add ts
2025-12-03 12:54:37,171 [INFO] IPUIPlugin:80 - create IPUIPlugin
2025-12-03 12:54:37,171 [INFO] PluginManager:220 - loadIPPluginJar : add radio
2025-12-03 12:54:37,172 [INFO] IPUIPlugin:80 - create IPUIPlugin
2025-12-03 12:54:37,173 [INFO] PluginManager:220 - loadIPPluginJar : add can
2025-12-03 12:54:37,174 [INFO] IPUIPlugin:80 - create IPUIPlugin
2025-12-03 12:54:37,174 [INFO] PluginManager:220 - loadIPPluginJar : add dma3
2025-12-03 12:54:37,175 [INFO] IPUIPlugin:80 - create IPUIPlugin
2025-12-03 12:54:37,176 [INFO] PluginManager:220 - loadIPPluginJar : add dfsdm
2025-12-03 12:54:37,177 [INFO] IPUIPlugin:80 - create IPUIPlugin
2025-12-03 12:54:37,177 [INFO] PluginManager:220 - loadIPPluginJar : add spi
2025-12-03 12:54:37,178 [INFO] IPUIPlugin:80 - create IPUIPlugin
2025-12-03 12:54:37,178 [INFO] PluginManager:220 - loadIPPluginJar : add gfxmmu
2025-12-03 12:54:37,180 [INFO] IPUIPlugin:80 - create IPUIPlugin
2025-12-03 12:54:37,180 [INFO] PluginManager:220 - loadIPPluginJar : add genericplugin
2025-12-03 12:54:37,181 [INFO] IPUIPlugin:80 - create IPUIPlugin
2025-12-03 12:54:37,181 [INFO] PluginManager:220 - loadIPPluginJar : add cryp
2025-12-03 12:54:37,184 [INFO] IPUIPlugin:80 - create IPUIPlugin
2025-12-03 12:54:37,184 [INFO] PluginManager:220 - loadIPPluginJar : add gpio
2025-12-03 12:54:37,186 [INFO] IPUIPlugin:80 - create IPUIPlugin
2025-12-03 12:54:37,187 [INFO] PluginManager:220 - loadIPPluginJar : add ddr_ctrl_phy
2025-12-03 12:54:37,188 [INFO] IPUIPlugin:80 - create IPUIPlugin
2025-12-03 12:54:37,188 [INFO] PluginManager:220 - loadIPPluginJar : add comp
2025-12-03 12:54:37,190 [INFO] IPUIPlugin:80 - create IPUIPlugin
2025-12-03 12:54:37,191 [INFO] PluginManager:220 - loadIPPluginJar : add tracer_emb
2025-12-03 12:54:37,193 [INFO] IPUIPlugin:80 - create IPUIPlugin
2025-12-03 12:54:37,194 [INFO] PluginManager:220 - loadIPPluginJar : add openamp
2025-12-03 12:54:37,198 [INFO] IPUIPlugin:80 - create IPUIPlugin
2025-12-03 12:54:37,198 [INFO] PluginManager:220 - loadIPPluginJar : add stm32_wpan
2025-12-03 12:54:37,202 [INFO] IPUIPlugin:80 - create IPUIPlugin
2025-12-03 12:54:37,206 [INFO] PluginManager:220 - loadIPPluginJar : add plateformsettings
2025-12-03 12:54:37,208 [INFO] IPUIPlugin:80 - create IPUIPlugin
2025-12-03 12:54:37,208 [INFO] PluginManager:220 - loadIPPluginJar : add ipddr
2025-12-03 12:54:37,210 [INFO] IPUIPlugin:80 - create IPUIPlugin
2025-12-03 12:54:37,210 [INFO] PluginManager:220 - loadIPPluginJar : add usart
2025-12-03 12:54:37,211 [INFO] IPUIPlugin:80 - create IPUIPlugin
2025-12-03 12:54:37,211 [INFO] PluginManager:220 - loadIPPluginJar : add ltdc
2025-12-03 12:54:37,213 [INFO] IPUIPlugin:80 - create IPUIPlugin
2025-12-03 12:54:37,213 [INFO] PluginManager:220 - loadIPPluginJar : add nvic
2025-12-03 12:54:37,214 [INFO] IPUIPlugin:80 - create IPUIPlugin
2025-12-03 12:54:37,214 [INFO] PluginManager:220 - loadIPPluginJar : add fatfs
2025-12-03 12:54:37,219 [INFO] IPUIPlugin:80 - create IPUIPlugin
2025-12-03 12:54:37,219 [INFO] PluginManager:220 - loadIPPluginJar : add linkedlist
2025-12-03 12:54:37,222 [INFO] IPUIPlugin:80 - create IPUIPlugin
2025-12-03 12:54:37,223 [INFO] PluginManager:220 - loadIPPluginJar : add dma
2025-12-03 12:54:37,225 [INFO] IPUIPlugin:80 - create IPUIPlugin
2025-12-03 12:54:37,225 [INFO] PluginManager:220 - loadIPPluginJar : add fmc
2025-12-03 12:54:37,226 [INFO] IPUIPlugin:80 - create IPUIPlugin
2025-12-03 12:54:37,226 [INFO] PluginManager:220 - loadIPPluginJar : add i2s
2025-12-03 12:54:37,227 [INFO] IPUIPlugin:80 - create IPUIPlugin
2025-12-03 12:54:37,227 [INFO] PluginManager:220 - loadIPPluginJar : add ucpd
2025-12-03 12:54:37,229 [INFO] IPUIPlugin:80 - create IPUIPlugin
2025-12-03 12:54:37,230 [INFO] PluginManager:220 - loadIPPluginJar : add lorawan
2025-12-03 12:54:37,233 [INFO] IPUIPlugin:80 - create IPUIPlugin
2025-12-03 12:54:37,233 [INFO] PluginManager:220 - loadIPPluginJar : add opamp
2025-12-03 12:54:37,235 [INFO] IPUIPlugin:80 - create IPUIPlugin
2025-12-03 12:54:37,235 [INFO] PluginManager:220 - loadIPPluginJar : add i3c
2025-12-03 12:54:37,239 [INFO] IPUIPlugin:80 - create IPUIPlugin
2025-12-03 12:54:37,239 [INFO] PluginManager:220 - loadIPPluginJar : add touchsensing
2025-12-03 12:54:37,241 [INFO] IPUIPlugin:80 - create IPUIPlugin
2025-12-03 12:54:37,241 [INFO] PluginManager:220 - loadIPPluginJar : add i2c
2025-12-03 12:54:37,243 [INFO] IPUIPlugin:80 - create IPUIPlugin
2025-12-03 12:54:37,244 [INFO] PluginManager:220 - loadIPPluginJar : add resmgrutility
2025-12-03 12:54:37,246 [INFO] IPUIPlugin:80 - create IPUIPlugin
2025-12-03 12:54:37,246 [INFO] PluginManager:220 - loadIPPluginJar : add sai
2025-12-03 12:54:37,248 [INFO] IPUIPlugin:80 - create IPUIPlugin
2025-12-03 12:54:37,248 [INFO] PluginManager:220 - loadIPPluginJar : add usbx
2025-12-03 12:54:37,368 [FATAL] Updater:351 - Updater called before beeing initialized
2025-12-03 12:54:37,423 [INFO] RulesReader:64 - Compatibility file has been processed (317 Rules)
2025-12-03 12:54:37,443 [INFO] RulesReader:64 - Compatibility file has been processed (317 Rules)
2025-12-03 12:54:37,454 [INFO] CADModel:165 - CPN selected for project level
2025-12-03 12:54:37,454 [INFO] CADModel:114 - Register for checkConnection events
2025-12-03 12:54:37,454 [FATAL] Updater:351 - Updater called before beeing initialized
2025-12-03 12:54:37,454 [ERROR] CADModel:125 - Updater not yet initialized, retry later 
2025-12-03 12:54:37,741 [FATAL] Updater:351 - Updater called before beeing initialized
2025-12-03 12:54:37,743 [INFO] CADModel:165 - CPN selected for project level
2025-12-03 12:54:37,743 [INFO] CADModel:114 - Register for checkConnection events
2025-12-03 12:54:37,743 [FATAL] Updater:351 - Updater called before beeing initialized
2025-12-03 12:54:37,743 [ERROR] CADModel:125 - Updater not yet initialized, retry later 
2025-12-03 12:54:37,746 [FATAL] Updater:351 - Updater called before beeing initialized
2025-12-03 12:54:37,933 [FATAL] Updater:351 - Updater called before beeing initialized
2025-12-03 12:54:37,939 [INFO] DbMcusAds:53 - JSON generation date=Mon Nov 10 11:43:01 CET 2025 (1762771381061)
2025-12-03 12:54:37,939 [FATAL] Updater:351 - Updater called before beeing initialized
2025-12-03 12:54:37,994 [WARN] DetailPanel:346 - Failed to get advertising image, set to default
2025-12-03 12:54:38,094 [FATAL] Updater:351 - Updater called before beeing initialized
2025-12-03 12:54:38,098 [FATAL] Updater:351 - Updater called before beeing initialized
2025-12-03 12:54:38,099 [FATAL] Updater:351 - Updater called before beeing initialized
2025-12-03 12:54:38,099 [WARN] DetailPanel:346 - Failed to get advertising image, set to default
2025-12-03 12:54:38,102 [FATAL] Updater:351 - Updater called before beeing initialized
2025-12-03 12:54:38,177 [ERROR] Updater:1198 - MainUpdater not yet initialized. External WinMGr cannot be set.
2025-12-03 12:54:38,189 [INFO] Updater:1134 - Updater Version found : 6.15.0
2025-12-03 12:54:38,205 [INFO] ApplicationProperties:184 - Using Application install path: /Applications/STM32CubeIDE.app/Contents/Eclipse/plugins/com.st.stm32cube.common.mx_6.15.0.202507011659
2025-12-03 12:54:38,745 [INFO] MainUpdater:2872 - connection check result : 10
2025-12-03 12:54:38,746 [INFO] MainUpdater:289 - Updater Check For Update Now.
2025-12-03 12:54:38,746 [INFO] MicroXplorer:498 - Change Database Version : DB.6.0.150
2025-12-03 12:54:38,753 [INFO] McuFinderGlobals:63 - Set McuFinder mode to 2 (CubeIDE integrated)
2025-12-03 12:54:38,755 [INFO] UserAuth:487 - Internet connection configuration mode: 1
2025-12-03 12:54:38,782 [INFO] JxBrowserEngine:152 - Initiate JxBrowser Engine with user profile folder
2025-12-03 12:54:39,089 [INFO] CheckServerUpdateThread:120 - End of CheckServer Thread
2025-12-03 12:54:40,190 [WARN] PackLoader:240 - Cannot read IP mode file for STMicroelectronics.FP-SNS-MOTENVWB1.1.4.0
2025-12-03 12:54:40,226 [WARN] PackLoader:240 - Cannot read IP mode file for STMicroelectronics.FP-ATR-ASTRA1.2.0.2
2025-12-03 12:54:40,240 [WARN] PackLoader:240 - Cannot read IP mode file for STMicroelectronics.FP-ATR-ASTRA1.2.0.1
2025-12-03 12:54:40,262 [WARN] PackLoader:240 - Cannot read IP mode file for STMicroelectronics.X-CUBE-SMBUS.2.1.0
2025-12-03 12:54:40,280 [WARN] PackLoader:240 - Cannot read IP mode file for STMicroelectronics.X-CUBE-WB05N.1.1.0
2025-12-03 12:54:40,294 [WARN] PackLoader:240 - Cannot read IP mode file for STMicroelectronics.X-CUBE-ST60.1.0.0
2025-12-03 12:54:40,381 [WARN] PackLoader:240 - Cannot read IP mode file for STMicroelectronics.X-CUBE-AZRTOS-F7.1.1.0
2025-12-03 12:54:40,500 [WARN] PackLoader:240 - Cannot read IP mode file for STMicroelectronics.X-CUBE-MEMS1.11.0.0
2025-12-03 12:54:40,685 [WARN] PackLoader:240 - Cannot read IP mode file for STMicroelectronics.FP-SNS-FLIGHT1.5.0.2
2025-12-03 12:54:40,730 [WARN] PackLoader:240 - Cannot read IP mode file for STMicroelectronics.X-CUBE-AZRTOS-H7.3.4.0
2025-12-03 12:54:40,747 [WARN] PackLoader:240 - Cannot read IP mode file for STMicroelectronics.X-CUBE-DISPLAY.3.0.0
2025-12-03 12:54:40,761 [WARN] PackLoader:240 - Cannot read IP mode file for STMicroelectronics.X-CUBE-BLE1.7.0.0
2025-12-03 12:54:40,773 [WARN] PackLoader:240 - Cannot read IP mode file for STMicroelectronics.X-CUBE-NFC10.1.0.0
2025-12-03 12:54:40,801 [WARN] PackLoader:240 - Cannot read IP mode file for STMicroelectronics.X-CUBE-BLEMGR.4.0.0
2025-12-03 12:54:40,822 [WARN] PackLoader:240 - Cannot read IP mode file for STMicroelectronics.X-CUBE-ST60.1.1.0
2025-12-03 12:54:40,833 [WARN] PackLoader:240 - Cannot read IP mode file for emotas.I-CUBE-CANOPEN.1.3.0
2025-12-03 12:54:40,848 [WARN] PackLoader:240 - Cannot read IP mode file for STMicroelectronics.X-CUBE-BLEMGR.3.1.0
2025-12-03 12:54:40,856 [WARN] PackLoader:240 - Cannot read IP mode file for STMicroelectronics.X-CUBE-AI.10.0.0
2025-12-03 12:54:40,865 [WARN] PackLoader:240 - Cannot read IP mode file for STMicroelectronics.FP-SNS-STBOX1.2.1.0
2025-12-03 12:54:40,875 [WARN] PackLoader:240 - Cannot read IP mode file for STMicroelectronics.FP-SNS-SMARTAG2.1.2.0
2025-12-03 12:54:40,880 [WARN] PackLoader:240 - Cannot read IP mode file for STMicroelectronics.FP-SNS-FLIGHT1.5.1.0
2025-12-03 12:54:40,967 [WARN] PackLoader:240 - Cannot read IP mode file for STMicroelectronics.X-CUBE-MEMS1.11.1.0
2025-12-03 12:54:41,085 [INFO] LogOutputStream:77 - [STDOUT_REDIRECT] 1 : Invalid condition id : UX_CORESTACK_Condition cause : null
2025-12-03 12:54:41,091 [INFO] LogOutputStream:77 - [STDOUT_REDIRECT] 1 : Invalid condition id : UX_CORESTACK_Condition cause : null
2025-12-03 12:54:41,092 [INFO] LogOutputStream:77 - [STDOUT_REDIRECT] 1 : Invalid condition id : UX_CORESTACK_Condition cause : null
2025-12-03 12:54:41,092 [INFO] LogOutputStream:77 - [STDOUT_REDIRECT] 1 : Invalid condition id : UX_CORESTACK_Condition cause : null
2025-12-03 12:54:41,092 [INFO] LogOutputStream:77 - [STDOUT_REDIRECT] 1 : Invalid condition id : UX_CORESTACK_Condition cause : null
2025-12-03 12:54:41,099 [WARN] PackLoader:240 - Cannot read IP mode file for STMicroelectronics.X-CUBE-AZRTOS-WL.2.0.0
2025-12-03 12:54:41,112 [WARN] PackLoader:240 - Cannot read IP mode file for STMicroelectronics.FP-SNS-MOTENV1.5.0.0
2025-12-03 12:54:41,118 [WARN] PackLoader:240 - Cannot read IP mode file for wolfSSL.I-CUBE-wolfMQTT.1.19.0
2025-12-03 12:54:41,129 [WARN] PackLoader:240 - Cannot read IP mode file for WES.I-CUBE-Cesium.1.3.0
2025-12-03 12:54:41,135 [WARN] PackLoader:240 - Cannot read IP mode file for STMicroelectronics.X-CUBE-BLE2.3.3.0
2025-12-03 12:54:41,144 [WARN] PackLoader:240 - Cannot read IP mode file for STMicroelectronics.X-CUBE-NFC9.1.0.0
2025-12-03 12:54:41,152 [WARN] PackLoader:240 - Cannot read IP mode file for STMicroelectronics.X-CUBE-BLE1.7.1.0
2025-12-03 12:54:41,158 [WARN] PackLoader:240 - Cannot read IP mode file for STMicroelectronics.X-CUBE-TCPP.4.1.0
2025-12-03 12:54:41,166 [WARN] PackLoader:240 - Cannot read IP mode file for STMicroelectronics.X-CUBE-EEPRMA1.5.2.0
2025-12-03 12:54:41,301 [WARN] PackLoader:240 - Cannot read IP mode file for STMicroelectronics.X-CUBE-ST67W61.1.1.0
2025-12-03 12:54:41,501 [WARN] PackLoader:240 - Cannot read IP mode file for STMicroelectronics.X-CUBE-AI.10.1.0
2025-12-03 12:54:41,546 [WARN] PackLoader:240 - Cannot read IP mode file for STMicroelectronics.X-CUBE-AZRTOS-G0.1.1.0
2025-12-03 12:54:41,562 [WARN] PackLoader:240 - Cannot read IP mode file for STMicroelectronics.X-CUBE-SAFEA1.1.2.2
2025-12-03 12:54:41,574 [WARN] PackLoader:240 - Cannot read IP mode file for STMicroelectronics.X-CUBE-NFC4.3.0.0
2025-12-03 12:54:41,635 [WARN] PackLoader:240 - Cannot read IP mode file for EmbeddedOffice.I-CUBE-FS-RTOS.1.0.1
2025-12-03 12:54:41,662 [WARN] PackLoader:240 - Cannot read IP mode file for STMicroelectronics.X-CUBE-WB05N.2.0.0
2025-12-03 12:54:41,678 [WARN] PackLoader:240 - Cannot read IP mode file for STMicroelectronics.X-CUBE-TCPP.4.2.0
2025-12-03 12:54:41,691 [WARN] PackLoader:240 - Cannot read IP mode file for RealThread.X-CUBE-RT-Thread_Nano.4.1.1
2025-12-03 12:54:41,704 [WARN] PackLoader:240 - Cannot read IP mode file for STMicroelectronics.FP-ATR-SIGFOX1.3.2.0
2025-12-03 12:54:41,713 [WARN] PackLoader:240 - Cannot read IP mode file for wolfSSL.I-CUBE-wolfSSL.5.7.2
2025-12-03 12:54:41,719 [WARN] ConditionMgr:438 - getConditionDescription Invalid condition id : Cortex-A Device cause : null
2025-12-03 12:54:41,804 [WARN] ConditionMgr:1044 - genDependencies : Invalid condition id : Cortex-A Device cause : null
2025-12-03 12:54:41,805 [WARN] ConditionMgr:1044 - genDependencies : Invalid condition id : Cortex-A Device cause : null
2025-12-03 12:54:41,805 [WARN] ConditionMgr:1044 - genDependencies : Invalid condition id : Cortex-A Device cause : null
2025-12-03 12:54:41,839 [WARN] PackLoader:240 - Cannot read IP mode file for STMicroelectronics.X-CUBE-EEPRMA1.5.1.0
2025-12-03 12:54:41,856 [WARN] PackLoader:240 - Cannot read IP mode file for ITTIA_DB.I-CUBE-ITTIADB.8.9.0
2025-12-03 12:54:41,866 [WARN] PackLoader:240 - Cannot read IP mode file for STMicroelectronics.X-CUBE-ST67W61.1.0.0
2025-12-03 12:54:41,870 [WARN] PackLoader:240 - Cannot read IP mode file for STMicroelectronics.X-CUBE-AI.10.2.0
2025-12-03 12:54:41,937 [WARN] PackLoader:240 - Cannot read IP mode file for SEGGER.I-CUBE-embOS.1.3.1
2025-12-03 12:54:41,980 [WARN] PackLoader:240 - Cannot read IP mode file for STMicroelectronics.X-CUBE-ALGOBUILD.1.4.0
2025-12-03 12:54:42,059 [WARN] PackLoader:240 - Cannot read IP mode file for STMicroelectronics.X-CUBE-MEMS1.11.3.0
2025-12-03 12:54:42,173 [WARN] PackLoader:240 - Cannot read IP mode file for STMicroelectronics.X-CUBE-AI.9.1.0
2025-12-03 12:54:42,178 [WARN] PackLoader:240 - Cannot read IP mode file for STMicroelectronics.X-CUBE-PM33A1.1.0.0
2025-12-03 12:54:42,200 [WARN] PackLoader:240 - Cannot read IP mode file for STMicroelectronics.X-CUBE-AZRTOS-F4.1.1.0
2025-12-03 12:54:42,208 [WARN] PackLoader:240 - Cannot read IP mode file for Avnet-IotConnect.X-CUBE-IoTC-DA16k-PMOD.1.0.0
2025-12-03 12:54:42,211 [WARN] PackLoader:240 - Cannot read IP mode file for STMicroelectronics.X-CUBE-ISPU.2.1.0
2025-12-03 12:54:42,227 [WARN] PackLoader:240 - Cannot read IP mode file for STMicroelectronics.X-CUBE-IPS.3.2.0
2025-12-03 12:54:42,239 [WARN] PackLoader:240 - Cannot read IP mode file for STMicroelectronics.X-CUBE-FREERTOS.1.2.0
2025-12-03 12:54:42,247 [WARN] PackLoader:240 - Cannot read IP mode file for STMicroelectronics.X-CUBE-NFC12.1.0.0
2025-12-03 12:54:42,279 [WARN] PackLoader:240 - Cannot read IP mode file for STMicroelectronics.X-CUBE-AZRTOS-L5.2.0.0
2025-12-03 12:54:42,291 [WARN] PackLoader:240 - Cannot read IP mode file for STMicroelectronics.X-CUBE-NFC6.3.1.0
2025-12-03 12:54:42,303 [WARN] PackLoader:240 - Cannot read IP mode file for STMicroelectronics.X-CUBE-DPower.1.2.0
2025-12-03 12:54:42,310 [WARN] PackLoader:240 - Cannot read IP mode file for STMicroelectronics.X-CUBE-FREERTOS.1.3.1
2025-12-03 12:54:42,321 [WARN] PackLoader:240 - Cannot read IP mode file for STMicroelectronics.X-CUBE-FREERTOS.1.3.0
2025-12-03 12:54:42,331 [WARN] PackLoader:240 - Cannot read IP mode file for STMicroelectronics.X-CUBE-NFC7.1.0.1
2025-12-03 12:54:42,345 [WARN] PackLoader:240 - Cannot read IP mode file for STMicroelectronics.X-CUBE-TOUCHGFX.4.26.0
2025-12-03 12:54:42,351 [WARN] PackLoader:240 - Cannot read IP mode file for STMicroelectronics.FP-SNS-STAIOTCFT.1.0.0
2025-12-03 12:54:42,358 [WARN] PackLoader:240 - Cannot read IP mode file for STMicroelectronics.X-CUBE-DPower.1.3.0
2025-12-03 12:54:42,383 [WARN] ConditionMgr:438 - getConditionDescription Invalid condition id : LAN8742 Phy interface Condition cause : null
2025-12-03 12:54:42,384 [WARN] PackLoader:240 - Cannot read IP mode file for STMicroelectronics.X-CUBE-AZRTOS-L4.2.0.0
2025-12-03 12:54:42,387 [WARN] ConditionMgr:1044 - genDependencies : Invalid condition id : LAN8742 Phy interface Condition cause : null
2025-12-03 12:54:42,390 [WARN] ConditionMgr:1044 - genDependencies : Invalid condition id : LAN8742 Phy interface Condition cause : null
2025-12-03 12:54:42,391 [WARN] ConditionMgr:1044 - genDependencies : Invalid condition id : LAN8742 Phy interface Condition cause : null
2025-12-03 12:54:42,399 [WARN] PackLoader:240 - Cannot read IP mode file for STMicroelectronics.X-CUBE-SFXS2LP1.4.0.0
2025-12-03 12:54:42,428 [WARN] PackLoader:240 - Cannot read IP mode file for STMicroelectronics.X-CUBE-AZRTOS-H7.3.3.0
2025-12-03 12:54:42,458 [WARN] PackLoader:240 - Cannot read IP mode file for STMicroelectronics.X-CUBE-BLEMGR.4.1.0
2025-12-03 12:54:42,484 [WARN] PackLoader:240 - Cannot read IP mode file for STMicroelectronics.X-CUBE-IPS.3.0.0
2025-12-03 12:54:42,502 [WARN] ConditionMgr:438 - getConditionDescription Invalid condition id : UX DEVICE CLASS RTOS Condition cause : null
2025-12-03 12:54:42,502 [WARN] ConditionMgr:438 - getConditionDescription Invalid condition id : UX DEVICE CLASS RTOS Condition cause : null
2025-12-03 12:54:42,506 [WARN] PackLoader:240 - Cannot read IP mode file for STMicroelectronics.X-CUBE-AZRTOS-WB.2.0.0
2025-12-03 12:54:42,507 [WARN] ConditionMgr:1044 - genDependencies : Invalid condition id : UX DEVICE CLASS RTOS Condition cause : null
2025-12-03 12:54:42,507 [WARN] ConditionMgr:1044 - genDependencies : Invalid condition id : UX DEVICE CLASS RTOS Condition cause : null
2025-12-03 12:54:42,508 [WARN] ConditionMgr:1044 - genDependencies : Invalid condition id : UX DEVICE CLASS RTOS Condition cause : null
2025-12-03 12:54:42,509 [WARN] ConditionMgr:1044 - genDependencies : Invalid condition id : UX DEVICE CLASS RTOS Condition cause : null
2025-12-03 12:54:42,509 [WARN] ConditionMgr:1044 - genDependencies : Invalid condition id : UX DEVICE CLASS RTOS Condition cause : null
2025-12-03 12:54:42,522 [WARN] PackLoader:240 - Cannot read IP mode file for STMicroelectronics.X-CUBE-GNSS1.7.0.0
2025-12-03 12:54:42,531 [WARN] PackLoader:240 - Cannot read IP mode file for STMicroelectronics.X-CUBE-GNSS1.7.0.1
2025-12-03 12:54:42,535 [WARN] PackLoader:240 - Cannot read IP mode file for STMicroelectronics.X-CUBE-TOUCHGFX.4.25.0
2025-12-03 12:54:42,545 [WARN] PackLoader:240 - Cannot read IP mode file for STMicroelectronics.FP-SNS-STBOX1.2.0.0
2025-12-03 12:54:42,566 [WARN] PackLoader:240 - Cannot read IP mode file for STMicroelectronics.X-CUBE-SUBG2.5.0.0
2025-12-03 12:54:42,593 [WARN] PackLoader:240 - Cannot read IP mode file for STMicroelectronics.X-CUBE-AZRTOS-H7RS.1.1.0
2025-12-03 12:54:42,600 [WARN] PackLoader:240 - Cannot read IP mode file for Cesanta.I-CUBE-Mongoose.7.13.0
2025-12-03 12:54:42,617 [WARN] PackLoader:240 - Cannot read IP mode file for STMicroelectronics.X-CUBE-AZRTOS-G4.2.0.0
2025-12-03 12:54:42,630 [WARN] PackLoader:240 - Cannot read IP mode file for STMicroelectronics.X-CUBE-NFC7.2.0.0
2025-12-03 12:54:42,643 [WARN] PackLoader:240 - Cannot read IP mode file for STMicroelectronics.X-CUBE-IPS.3.1.0
2025-12-03 12:54:42,651 [WARN] PackLoader:240 - Cannot read IP mode file for STMicroelectronics.X-CUBE-ALS.1.0.2
2025-12-03 12:54:42,655 [WARN] PackLoader:240 - Cannot read IP mode file for STMicroelectronics.X-CUBE-TOUCHGFX.4.24.1
2025-12-03 12:54:42,662 [WARN] PackLoader:240 - Cannot read IP mode file for STMicroelectronics.X-CUBE-STSE01.1.0.0
2025-12-03 12:54:42,666 [WARN] PackLoader:240 - Cannot read IP mode file for wolfSSL.I-CUBE-wolfTPM.3.4.0
2025-12-03 12:54:42,671 [WARN] PackLoader:240 - Cannot read IP mode file for portGmbH.I-Cube-SoM-uGOAL.1.1.0
2025-12-03 12:54:42,693 [WARN] PackLoader:240 - Cannot read IP mode file for STMicroelectronics.X-CUBE-AZRTOS-H7RS.1.0.0
2025-12-03 12:54:42,700 [WARN] PackLoader:240 - Cannot read IP mode file for STMicroelectronics.FP-ATR-ASTRA1.2.0.0
2025-12-03 12:54:42,722 [WARN] PackLoader:240 - Cannot read IP mode file for STMicroelectronics.X-CUBE-TOF1.3.4.2
2025-12-03 12:54:42,749 [WARN] PackLoader:240 - Cannot read IP mode file for STMicroelectronics.X-CUBE-TOF1.3.4.3
2025-12-03 12:54:42,785 [WARN] PackLoader:240 - Cannot read IP mode file for Infineon.AIROC-Wi-Fi-Bluetooth-STM32.1.6.1
2025-12-03 12:54:42,794 [WARN] PackLoader:240 - Cannot read IP mode file for wolfSSL.I-CUBE-wolfSSH.1.4.17
2025-12-03 12:54:42,796 [INFO] ThirdParty:978 - Integrity check success = true
2025-12-03 12:54:42,796 [INFO] IntegrityCheckThread:100 - exiting critical section [integrity check]
2025-12-03 12:54:42,796 [INFO] IntegrityCheckThread:103 - End integrity checks thread
2025-12-03 12:54:44,712 [INFO] WebApp:169 - Instantiating new browser for Auth
2025-12-03 12:54:46,383 [INFO] WebApp:463 - Apply proxy settings
2025-12-03 12:54:46,398 [INFO] WebApp:508 - Chromium authenticates against Manually configured proxy
2025-12-03 12:54:46,414 [INFO] WebApp:516 - Username used for proxy authentication: 
2025-12-03 12:54:46,461 [INFO] WebApp:900 - Register for checkConnection events
2025-12-03 12:54:46,462 [INFO] WebApp:463 - Apply proxy settings
2025-12-03 12:54:46,466 [INFO] WebApp:508 - Chromium authenticates against Manually configured proxy
2025-12-03 12:54:46,467 [INFO] WebApp:516 - Username used for proxy authentication: 
2025-12-03 12:54:46,656 [INFO] WebApp:225 - Starting web application
2025-12-03 12:54:46,657 [INFO] WebApp:593 - Web application path used /Applications/STM32CubeIDE.app/Contents/Eclipse/plugins/com.st.stm32cube.common.mx_6.15.0.202507011659/db/plugins/mcufinder/reactClient1/index.html
2025-12-03 12:54:47,299 [INFO] UserAuth:487 - Internet connection configuration mode: 1
2025-12-03 12:54:47,774 [INFO] WebApp:191 - Connection restablished
2025-12-03 12:57:01,641 [ERROR] LogOutputStream:75 - [STDERR_REDIRECT] SLF4J: Failed to load class "org.slf4j.impl.StaticLoggerBinder".
2025-12-03 12:57:01,666 [ERROR] LogOutputStream:75 - [STDERR_REDIRECT] SLF4J: Defaulting to no-operation (NOP) logger implementation
2025-12-03 12:57:01,674 [ERROR] LogOutputStream:75 - [STDERR_REDIRECT] SLF4J: See http://www.slf4j.org/codes.html#StaticLoggerBinder for further details.
